<?xml version="1.0" encoding="UTF-8"?>
<!-- Generated by org.testng.reporters.JUnitReportReporter -->
<testsuite hostname="DESKTOP-TFUFUVK" failures="0" tests="1" name="tests.Setup_DockerGrid" time="0.008" errors="0" timestamp="2024-01-11T23:15:03 IST" skipped="0">
  <testcase classname="tests.Setup_DockerGrid" name="startDockerGrid" time="0.008"/>
</testsuite> <!-- tests.Setup_DockerGrid -->
