<?xml version="1.0" encoding="UTF-8"?>
<!-- Generated by org.testng.reporters.JUnitReportReporter -->
<testsuite hostname="DESKTOP-TFUFUVK" failures="0" tests="1" name="tests.One" time="19.153" errors="0" timestamp="2024-01-12T04:02:44 IST" skipped="0">
  <testcase classname="tests.One" name="TestOne" time="19.153"/>
</testsuite> <!-- tests.One -->
