<?xml version="1.0" encoding="UTF-8"?>
<!-- Generated by org.testng.reporters.JUnitReportReporter -->
<testsuite hostname="DESKTOP-TFUFUVK" failures="0" tests="1" name="tests.One" time="18.903" errors="0" timestamp="2024-01-12T04:25:20 IST" skipped="0">
  <testcase classname="tests.One" name="TestOne" time="18.903"/>
</testsuite> <!-- tests.One -->
