<?xml version="1.0" encoding="UTF-8"?>
<!-- Generated by org.testng.reporters.JUnitReportReporter -->
<testsuite hostname="DESKTOP-TFUFUVK" failures="0" tests="1" name="tests.Two" time="19.953" errors="0" timestamp="2024-01-12T04:25:20 IST" skipped="0">
  <testcase classname="tests.Two" name="TestTwo" time="19.953"/>
</testsuite> <!-- tests.Two -->
