<?xml version="1.0" encoding="UTF-8"?>
<!-- Generated by org.testng.reporters.JUnitReportReporter -->
<testsuite hostname="DESKTOP-TFUFUVK" failures="0" tests="1" name="tests.One1" time="18.403" errors="0" timestamp="2024-01-12T04:25:20 IST" skipped="0">
  <testcase classname="tests.One1" name="TestOne" time="18.403"/>
</testsuite> <!-- tests.One1 -->
