<?xml version="1.0" encoding="UTF-8"?>
<!-- Generated by org.testng.reporters.JUnitReportReporter -->
<testsuite hostname="DESKTOP-TFUFUVK" failures="0" tests="1" name="tests.Two2" time="19.891" errors="0" timestamp="2024-01-12T04:25:20 IST" skipped="0">
  <testcase classname="tests.Two2" name="TestTwo" time="19.891"/>
</testsuite> <!-- tests.Two2 -->
